<?xml version="1.0" encoding="UTF-8"?>
<testng-results ignored="0" total="1" passed="1" failed="0" skipped="0">
  <reporter-output>
  </reporter-output>
  <suite started-at="2024-02-13T12:11:12 IST" name="Default suite" finished-at="2024-02-13T12:11:30 IST" duration-ms="17262">
    <groups>
    </groups>
    <test started-at="2024-02-13T12:11:12 IST" name="Default test" finished-at="2024-02-13T12:11:30 IST" duration-ms="17262">
      <class name="testCases.LoginTest">
        <test-method is-config="true" signature="setUp()[pri:0, instance:testCases.LoginTest@22ef9844]" started-at="2024-02-13T12:11:07 IST" name="setUp" finished-at="2024-02-13T12:11:12 IST" duration-ms="4997" status="PASS">
          <reporter-output>
          </reporter-output>
        </test-method> <!-- setUp -->
        <test-method signature="login(java.lang.String,java.lang.String)[pri:1, instance:testCases.LoginTest@22ef9844]" started-at="2024-02-13T12:11:12 IST" name="login" data-provider="usertestdata" finished-at="2024-02-13T12:11:30 IST" duration-ms="17241" status="PASS">
          <params>
            <param index="0">
              <value>
                <![CDATA[akashv5482@gmail.com]]>
              </value>
            </param>
            <param index="1">
              <value>
                <![CDATA[akashchakia]]>
              </value>
            </param>
          </params>
          <reporter-output>
          </reporter-output>
        </test-method> <!-- login -->
        <test-method is-config="true" signature="tearDown()[pri:0, instance:testCases.LoginTest@22ef9844]" started-at="2024-02-13T12:11:30 IST" name="tearDown" finished-at="2024-02-13T12:11:31 IST" duration-ms="957" status="PASS">
          <reporter-output>
          </reporter-output>
        </test-method> <!-- tearDown -->
      </class> <!-- testCases.LoginTest -->
    </test> <!-- Default test -->
  </suite> <!-- Default suite -->
</testng-results>
